<?xml version="1.0" encoding="UTF-8"?>
<!-- Generated by org.testng.reporters.JUnitXMLReporter -->
<testsuite ignored="0" hostname="MX-IT03769" failures="0" tests="7" name="smoke_users" time="2.777" errors="0" timestamp="2023-10-13T16:05:42 CST">
  <testcase classname="TestTwo" name="createUser" time="0.493"/>
  <testcase classname="TestTwo" name="deleteUser" time="0.56"/>
  <testcase classname="TestTwo" name="getSingleUser" time="0.528"/>
  <testcase classname="TestTwo" name="getUser" time="0.234"/>
  <testcase classname="TestTwo" name="getUserList" time="0.244"/>
  <testcase classname="TestTwo" name="testGetUser" time="0.223"/>
  <testcase classname="TestTwo" name="updateUser" time="0.489"/>
</testsuite> <!-- smoke_users -->
