<?xml version="1.0" encoding="UTF-8"?>
<testng-results ignored="0" total="9" passed="9" failed="0" skipped="0">
  <reporter-output>
  </reporter-output>
  <suite started-at="2023-10-13T16:05:37 CST" name="SuiteReqRes" finished-at="2023-10-13T16:05:42 CST" duration-ms="5006">
    <groups>
      <group name="login">
        <method signature="TestOne.testBadRequest()[pri:0, instance:TestOne@6973bf95]" name="testBadRequest" class="TestOne"/>
        <method signature="TestOne.testLoginSuccess()[pri:0, instance:TestOne@6973bf95]" name="testLoginSuccess" class="TestOne"/>
      </group> <!-- login -->
      <group name="manageUsers">
        <method signature="TestTwo.createUser()[pri:0, instance:TestTwo@2f112965]" name="createUser" class="TestTwo"/>
        <method signature="TestTwo.deleteUser()[pri:0, instance:TestTwo@2f112965]" name="deleteUser" class="TestTwo"/>
        <method signature="TestTwo.getSingleUser()[pri:0, instance:TestTwo@2f112965]" name="getSingleUser" class="TestTwo"/>
        <method signature="TestTwo.getUser()[pri:0, instance:TestTwo@2f112965]" name="getUser" class="TestTwo"/>
        <method signature="TestTwo.getUserList()[pri:0, instance:TestTwo@2f112965]" name="getUserList" class="TestTwo"/>
        <method signature="TestTwo.testGetUser()[pri:0, instance:TestTwo@2f112965]" name="testGetUser" class="TestTwo"/>
        <method signature="TestTwo.updateUser()[pri:0, instance:TestTwo@2f112965]" name="updateUser" class="TestTwo"/>
      </group> <!-- manageUsers -->
    </groups>
    <test started-at="2023-10-13T16:05:37 CST" name="setup" finished-at="2023-10-13T16:05:37 CST" duration-ms="4">
    </test> <!-- setup -->
    <test started-at="2023-10-13T16:05:37 CST" name="smoke_login" finished-at="2023-10-13T16:05:39 CST" duration-ms="2187">
      <class name="TestOne">
        <test-method is-config="true" signature="setup()[pri:0, instance:TestOne@6973bf95]" started-at="2023-10-13T16:05:37 CST" name="setup" finished-at="2023-10-13T16:05:37 CST" duration-ms="5" status="PASS">
          <reporter-output>
          </reporter-output>
        </test-method> <!-- setup -->
        <test-method signature="testBadRequest()[pri:0, instance:TestOne@6973bf95]" started-at="2023-10-13T16:05:37 CST" name="testBadRequest" finished-at="2023-10-13T16:05:38 CST" duration-ms="1616" status="PASS">
          <reporter-output>
          </reporter-output>
        </test-method> <!-- testBadRequest -->
        <test-method signature="testLoginSuccess()[pri:0, instance:TestOne@6973bf95]" started-at="2023-10-13T16:05:38 CST" name="testLoginSuccess" finished-at="2023-10-13T16:05:39 CST" duration-ms="552" status="PASS">
          <reporter-output>
          </reporter-output>
        </test-method> <!-- testLoginSuccess -->
      </class> <!-- TestOne -->
    </test> <!-- smoke_login -->
    <test started-at="2023-10-13T16:05:39 CST" name="smoke_users" finished-at="2023-10-13T16:05:42 CST" duration-ms="2777">
      <class name="TestTwo">
        <test-method is-config="true" signature="setup()[pri:0, instance:TestTwo@2f112965]" started-at="2023-10-13T16:05:39 CST" name="setup" finished-at="2023-10-13T16:05:39 CST" duration-ms="3" status="PASS">
          <reporter-output>
          </reporter-output>
        </test-method> <!-- setup -->
        <test-method signature="createUser()[pri:0, instance:TestTwo@2f112965]" started-at="2023-10-13T16:05:39 CST" name="createUser" finished-at="2023-10-13T16:05:39 CST" duration-ms="493" status="PASS">
          <reporter-output>
          </reporter-output>
        </test-method> <!-- createUser -->
        <test-method signature="deleteUser()[pri:0, instance:TestTwo@2f112965]" started-at="2023-10-13T16:05:39 CST" name="deleteUser" finished-at="2023-10-13T16:05:40 CST" duration-ms="560" status="PASS">
          <reporter-output>
          </reporter-output>
        </test-method> <!-- deleteUser -->
        <test-method signature="getSingleUser()[pri:0, instance:TestTwo@2f112965]" started-at="2023-10-13T16:05:40 CST" name="getSingleUser" finished-at="2023-10-13T16:05:40 CST" duration-ms="528" status="PASS">
          <reporter-output>
          </reporter-output>
        </test-method> <!-- getSingleUser -->
        <test-method signature="getUser()[pri:0, instance:TestTwo@2f112965]" started-at="2023-10-13T16:05:40 CST" name="getUser" finished-at="2023-10-13T16:05:41 CST" duration-ms="234" status="PASS">
          <reporter-output>
          </reporter-output>
        </test-method> <!-- getUser -->
        <test-method signature="getUserList()[pri:0, instance:TestTwo@2f112965]" started-at="2023-10-13T16:05:41 CST" name="getUserList" finished-at="2023-10-13T16:05:41 CST" duration-ms="244" status="PASS">
          <reporter-output>
          </reporter-output>
        </test-method> <!-- getUserList -->
        <test-method signature="testGetUser()[pri:0, instance:TestTwo@2f112965]" started-at="2023-10-13T16:05:41 CST" name="testGetUser" finished-at="2023-10-13T16:05:41 CST" duration-ms="223" status="PASS">
          <reporter-output>
          </reporter-output>
        </test-method> <!-- testGetUser -->
        <test-method signature="updateUser()[pri:0, instance:TestTwo@2f112965]" started-at="2023-10-13T16:05:41 CST" name="updateUser" finished-at="2023-10-13T16:05:42 CST" duration-ms="489" status="PASS">
          <reporter-output>
          </reporter-output>
        </test-method> <!-- updateUser -->
      </class> <!-- TestTwo -->
      <class name="Hooks.Hooks">
        <test-method is-config="true" signature="beforeSuiteSetup()[pri:0, instance:Hooks.Hooks@5db45159]" started-at="2023-10-13T16:05:36 CST" name="beforeSuiteSetup" finished-at="2023-10-13T16:05:37 CST" duration-ms="317" status="PASS">
          <reporter-output>
          </reporter-output>
        </test-method> <!-- beforeSuiteSetup -->
      </class> <!-- Hooks.Hooks -->
    </test> <!-- smoke_users -->
  </suite> <!-- SuiteReqRes -->
</testng-results>
