<?xml version="1.0" encoding="UTF-8"?>
<testsuite xmlns:xsi="http://www.w3.org/2001/XMLSchema-instance" xsi:noNamespaceSchemaLocation="https://maven.apache.org/surefire/maven-surefire-plugin/xsd/surefire-test-report-3.0.xsd" version="3.0" name="TestSuite" time="5.938" tests="9" errors="0" skipped="0" failures="0">
  <properties>
[...]
</properties>
  <testcase name="testBadRequest" classname="TestOne" time="1.616">
    <system-out><![CDATA[[TestNGContentHandler] [WARN] It is strongly recommended to add "<!DOCTYPE suite SYSTEM "https://testng.org/testng-1.0.dtd" >" at the top of the suite file [/Users/ricardo.puente/IdeaProjects/training/capitalonetraining/src/test/runners/SuiteByClasses.xml] otherwise TestNG may fail or not work as expected.
Initial configuration....
Request method:	POST
Request URI:	https://reqres.in/api/login
Proxy:			<none>
Request params:	<none>
Query params:	<none>
Form params:	<none>
Path params:	<none>
Headers:		Accept=*/*
				Content-Type=application/json
Cookies:		<none>
Multiparts:		<none>
Body:
{
    "password": "cityslicka",
    "email": "eve.holt@reqr"
}
HTTP/1.1 400 Bad Request
Date: Fri, 13 Oct 2023 22:05:38 GMT
Content-Type: application/json; charset=utf-8
Content-Length: 26
Connection: keep-alive
X-Powered-By: Express
Access-Control-Allow-Origin: *
Etag: W/"1a-EGIcyP6BIiCXl5Gb1aph5CGf4VQ"
Via: 1.1 vegur
CF-Cache-Status: DYNAMIC
Report-To: {"endpoints":[{"url":"https:\/\/a.nel.cloudflare.com\/report\/v3?s=7l%2BmAsdUwuI5CdehB4hatEu8vMt4qX9fCIfVpgxv59pUV3jql5lWavdZa8qnwQ31RmfEtQgL2dsvYPhMUe5Y72LwFEgsl448GU5l9k9ZEqJamkWiLZYw%2FicnmQ%3D%3D"}],"group":"cf-nel","max_age":604800}
NEL: {"success_fraction":0,"report_to":"cf-nel","max_age":604800}
Server: cloudflare
CF-RAY: 815ae29aefcbaa64-DFW

{
    "error": "user not found"
}
]]></system-out>
  </testcase>
  <testcase name="testLoginSuccess" classname="TestOne" time="0.55">
    <system-out><![CDATA[Request method:	POST
Request URI:	https://reqres.in/api/login
Proxy:			<none>
Request params:	<none>
Query params:	<none>
Form params:	<none>
Path params:	<none>
Headers:		Accept=*/*
				Content-Type=application/json
Cookies:		<none>
Multiparts:		<none>
Body:
{
    "password": "cityslicka",
    "email": "eve.holt@reqres.in"
}
HTTP/1.1 200 OK
Date: Fri, 13 Oct 2023 22:05:39 GMT
Content-Type: application/json; charset=utf-8
Content-Length: 29
Connection: keep-alive
X-Powered-By: Express
Access-Control-Allow-Origin: *
Etag: W/"1d-lGCrvD6B7Qzk11+2C98+nGhhuec"
Via: 1.1 vegur
CF-Cache-Status: DYNAMIC
Report-To: {"endpoints":[{"url":"https:\/\/a.nel.cloudflare.com\/report\/v3?s=5Gf9iXL%2F0%2FgF4CUUomhvLpU9oJqCsiRF5ucQkSdQpQa9wU%2BmYvRqYss32YZ4TIDaso4v6Lf2YSxnK1rLfaLchc4VX5opYPgocl2Se2RhshbIO13lWCoxmRYzuQ%3D%3D"}],"group":"cf-nel","max_age":604800}
NEL: {"success_fraction":0,"report_to":"cf-nel","max_age":604800}
Server: cloudflare
CF-RAY: 815ae29edd4c4690-DFW

{
    "token": "QpwL5tke4Pnpja7X4"
}
]]></system-out>
  </testcase>
  <testcase name="createUser" classname="TestTwo" time="0.492">
    <system-out><![CDATA[Request method:	POST
Request URI:	https://reqres.in/api/users
Proxy:			<none>
Request params:	<none>
Query params:	<none>
Form params:	<none>
Path params:	<none>
Headers:		Accept=*/*
				Content-Type=application/json
Cookies:		<none>
Multiparts:		<none>
Body:
{
    "name": "morpheus",
    "job": "leader"
}
HTTP/1.1 201 Created
Date: Fri, 13 Oct 2023 22:05:39 GMT
Content-Type: application/json; charset=utf-8
Content-Length: 84
Connection: keep-alive
X-Powered-By: Express
Access-Control-Allow-Origin: *
Etag: W/"54-/L4A2tx5Iyozfv9QP+c9UAUUdfw"
Via: 1.1 vegur
CF-Cache-Status: DYNAMIC
Report-To: {"endpoints":[{"url":"https:\/\/a.nel.cloudflare.com\/report\/v3?s=%2BUBmzIdfxG5LZkIJBYUf9pCDr8iOaPTu7wA3fcwp6qJK7U5i%2FBI%2FYJ%2BTLiNKsMGcp2WjrYoiGK844RsMyO%2BoLxAfgqkc4WGd3%2BsHX1wW3B93KZy0O9j%2FjEmKDg%3D%3D"}],"group":"cf-nel","max_age":604800}
NEL: {"success_fraction":0,"report_to":"cf-nel","max_age":604800}
Server: cloudflare
CF-RAY: 815ae2a258210b82-DFW

{
    "name": "morpheus",
    "job": "leader",
    "id": "137",
    "createdAt": "2023-10-13T22:05:39.773Z"
}
]]></system-out>
  </testcase>
  <testcase name="deleteUser" classname="TestTwo" time="0.559">
    <system-out><![CDATA[Request method:	DELETE
Request URI:	https://reqres.in/api/users/2
Proxy:			<none>
Request params:	<none>
Query params:	<none>
Form params:	<none>
Path params:	<none>
Headers:		Accept=*/*
Cookies:		<none>
Multiparts:		<none>
Body:			<none>
HTTP/1.1 204 No Content
Date: Fri, 13 Oct 2023 22:05:40 GMT
Content-Length: 0
Connection: keep-alive
Report-To: {"group":"heroku-nel","max_age":3600,"endpoints":[{"url":"https://nel.heroku.com/reports?ts=1697234740&sid=c4c9725f-1ab0-44d8-820f-430df2718e11&s=%2FWZOlQxVo2tc8l6Zw86N8Y3HpZNW3wQmrlHh3LHrJZM%3D"}]}
Reporting-Endpoints: heroku-nel=https://nel.heroku.com/reports?ts=1697234740&sid=c4c9725f-1ab0-44d8-820f-430df2718e11&s=%2FWZOlQxVo2tc8l6Zw86N8Y3HpZNW3wQmrlHh3LHrJZM%3D
Nel: {"report_to":"heroku-nel","max_age":3600,"success_fraction":0.005,"failure_fraction":0.05,"response_headers":["Via"]}
X-Powered-By: Express
Access-Control-Allow-Origin: *
Etag: W/"2-vyGp6PvFo4RvsFtPoIWeCReyIC8"
Via: 1.1 vegur
CF-Cache-Status: DYNAMIC
Server: cloudflare
CF-RAY: 815ae2a58ce2463c-DFW
]]></system-out>
  </testcase>
  <testcase name="getSingleUser" classname="TestTwo" time="0.528">
    <system-out><![CDATA[Request method:	GET
Request URI:	https://reqres.in/api/unknown/2
Proxy:			<none>
Request params:	<none>
Query params:	<none>
Form params:	<none>
Path params:	<none>
Headers:		Accept=*/*
Cookies:		<none>
Multiparts:		<none>
Body:			<none>
HTTP/1.1 200 OK
Date: Fri, 13 Oct 2023 22:05:40 GMT
Content-Type: application/json; charset=utf-8
Transfer-Encoding: chunked
Connection: keep-alive
X-Powered-By: Express
Access-Control-Allow-Origin: *
Etag: W/"e8-ov4wWh4/OY1IMQMqWgskYtOFnVs"
Via: 1.1 vegur
Cache-Control: max-age=14400
CF-Cache-Status: HIT
Age: 3309
Report-To: {"endpoints":[{"url":"https:\/\/a.nel.cloudflare.com\/report\/v3?s=%2Fk0j8kMXIC4sqht8ym6%2BJdqUkP9tO%2FJbOSv3ggYjJhTafhYkAOh28T9C4A%2F3tyH5j6DUOiI3h8fjCG%2BkiZa41HFtQ2awHQ0Xvk9L38gZcu50Ckrki%2FPf72i%2BLA%3D%3D"}],"group":"cf-nel","max_age":604800}
NEL: {"success_fraction":0,"report_to":"cf-nel","max_age":604800}
Vary: Accept-Encoding
Server: cloudflare
CF-RAY: 815ae2a8dabee92a-DFW
Content-Encoding: gzip

{
    "data": {
        "id": 2,
        "name": "fuchsia rose",
        "year": 2001,
        "color": "#C74375",
        "pantone_value": "17-2031"
    },
    "support": {
        "url": "https://reqres.in/#support-heading",
        "text": "To keep ReqRes free, contributions towards server costs are appreciated!"
    }
}
]]></system-out>
  </testcase>
  <testcase name="getUser" classname="TestTwo" time="0.234">
    <system-out><![CDATA[Request method:	GET
Request URI:	https://reqres.in/api/users/2
Proxy:			<none>
Request params:	<none>
Query params:	<none>
Form params:	<none>
Path params:	<none>
Headers:		Accept=*/*
Cookies:		<none>
Multiparts:		<none>
Body:			<none>
HTTP/1.1 200 OK
Date: Fri, 13 Oct 2023 22:05:41 GMT
Content-Type: application/json; charset=utf-8
Transfer-Encoding: chunked
Connection: keep-alive
X-Powered-By: Express
Access-Control-Allow-Origin: *
Etag: W/"118-pbdwwFo9SKNhD3Lx5iHJyngpq00"
Via: 1.1 vegur
Cache-Control: max-age=14400
CF-Cache-Status: HIT
Age: 6940
Report-To: {"endpoints":[{"url":"https:\/\/a.nel.cloudflare.com\/report\/v3?s=ILQ9rEmbmohsZ%2FLNxYLre%2Bj6c0P7Sy%2BcwNYdaX9XSBITWgIQISay328XTNw1H23RwlZ1S4OCCtF2beA1k%2FUgUgf%2BjtuMx0ciG5q9CJEAyDBAvBDk2zfT3bz71A%3D%3D"}],"group":"cf-nel","max_age":604800}
NEL: {"success_fraction":0,"report_to":"cf-nel","max_age":604800}
Vary: Accept-Encoding
Server: cloudflare
CF-RAY: 815ae2ac48782c86-DFW
Content-Encoding: gzip

{
    "data": {
        "id": 2,
        "email": "janet.weaver@reqres.in",
        "first_name": "Janet",
        "last_name": "Weaver",
        "avatar": "https://reqres.in/img/faces/2-image.jpg"
    },
    "support": {
        "url": "https://reqres.in/#support-heading",
        "text": "To keep ReqRes free, contributions towards server costs are appreciated!"
    }
}
]]></system-out>
  </testcase>
  <testcase name="getUserList" classname="TestTwo" time="0.246">
    <system-out><![CDATA[Request method:	GET
Request URI:	https://reqres.in/api/unknown
Proxy:			<none>
Request params:	<none>
Query params:	<none>
Form params:	<none>
Path params:	<none>
Headers:		Accept=*/*
Cookies:		<none>
Multiparts:		<none>
Body:			<none>
HTTP/1.1 200 OK
Date: Fri, 13 Oct 2023 22:05:41 GMT
Content-Type: application/json; charset=utf-8
Transfer-Encoding: chunked
Connection: keep-alive
Report-To: {"group":"heroku-nel","max_age":3600,"endpoints":[{"url":"https://nel.heroku.com/reports?ts=1697052254&sid=c4c9725f-1ab0-44d8-820f-430df2718e11&s=UiDyAtu9iTwhpRVu6ShtBeUU522QfybvJix5CTF598g%3D"}]}
Reporting-Endpoints: heroku-nel=https://nel.heroku.com/reports?ts=1697052254&sid=c4c9725f-1ab0-44d8-820f-430df2718e11&s=UiDyAtu9iTwhpRVu6ShtBeUU522QfybvJix5CTF598g%3D
Nel: {"report_to":"heroku-nel","max_age":3600,"success_fraction":0.005,"failure_fraction":0.05,"response_headers":["Via"]}
X-Powered-By: Express
Access-Control-Allow-Origin: *
Etag: W/"2c1-N6Rqerxquq2kgQhL51EiSg4x0R8"
Via: 1.1 vegur
Cache-Control: max-age=14400
CF-Cache-Status: HIT
Age: 2658
Vary: Accept-Encoding
Server: cloudflare
CF-RAY: 815ae2adbaece78e-DFW
Content-Encoding: gzip

{
    "page": 1,
    "per_page": 6,
    "total": 12,
    "total_pages": 2,
    "data": [
        {
            "id": 1,
            "name": "cerulean",
            "year": 2000,
            "color": "#98B2D1",
            "pantone_value": "15-4020"
        },
        {
            "id": 2,
            "name": "fuchsia rose",
            "year": 2001,
            "color": "#C74375",
            "pantone_value": "17-2031"
        },
        {
            "id": 3,
            "name": "true red",
            "year": 2002,
            "color": "#BF1932",
            "pantone_value": "19-1664"
        },
        {
            "id": 4,
            "name": "aqua sky",
            "year": 2003,
            "color": "#7BC4C4",
            "pantone_value": "14-4811"
        },
        {
            "id": 5,
            "name": "tigerlily",
            "year": 2004,
            "color": "#E2583E",
            "pantone_value": "17-1456"
        },
        {
            "id": 6,
            "name": "blue turquoise",
            "year": 2005,
            "color": "#53B0AE",
            "pantone_value": "15-5217"
        }
    ],
    "support": {
        "url": "https://reqres.in/#support-heading",
        "text": "To keep ReqRes free, contributions towards server costs are appreciated!"
    }
}
]]></system-out>
  </testcase>
  <testcase name="testGetUser" classname="TestTwo" time="0.221">
    <system-out><![CDATA[Request method:	GET
Request URI:	https://reqres.in/api/users?id=2
Proxy:			<none>
Request params:	id=2
Query params:	<none>
Form params:	<none>
Path params:	<none>
Headers:		Accept=*/*
				Content-Type=application/json
Cookies:		<none>
Multiparts:		<none>
Body:			<none>
HTTP/1.1 200 OK
Date: Fri, 13 Oct 2023 22:05:41 GMT
Content-Type: application/json; charset=utf-8
Transfer-Encoding: chunked
Connection: keep-alive
X-Powered-By: Express
Access-Control-Allow-Origin: *
Etag: W/"118-pbdwwFo9SKNhD3Lx5iHJyngpq00"
Via: 1.1 vegur
Cache-Control: max-age=14400
CF-Cache-Status: HIT
Age: 3308
Report-To: {"endpoints":[{"url":"https:\/\/a.nel.cloudflare.com\/report\/v3?s=i4L9AZ%2FbWdanMsXdxSpTOCevd%2BnA6Vd2E3EYuGXeOXxe92Js1sCt9B17dR%2FihmhUqVVNavXx4zDQovxA0En3B1o7E7qrI1x4CILrCl9JRtf1%2F8HH9eDnmaEjhw%3D%3D"}],"group":"cf-nel","max_age":604800}
NEL: {"success_fraction":0,"report_to":"cf-nel","max_age":604800}
Vary: Accept-Encoding
Server: cloudflare
CF-RAY: 815ae2af4d56e7df-DFW
Content-Encoding: gzip

{
    "data": {
        "id": 2,
        "email": "janet.weaver@reqres.in",
        "first_name": "Janet",
        "last_name": "Weaver",
        "avatar": "https://reqres.in/img/faces/2-image.jpg"
    },
    "support": {
        "url": "https://reqres.in/#support-heading",
        "text": "To keep ReqRes free, contributions towards server costs are appreciated!"
    }
}
io.restassured.internal.RestAssuredResponseImpl@285583d4
]]></system-out>
  </testcase>
  <testcase name="updateUser" classname="TestTwo" time="0.49">
    <system-out><![CDATA[Request method:	PUT
Request URI:	https://reqres.in/api/users/2
Proxy:			<none>
Request params:	<none>
Query params:	<none>
Form params:	<none>
Path params:	<none>
Headers:		Accept=*/*
				Content-Type=application/json
Cookies:		<none>
Multiparts:		<none>
Body:
{
    "name": "morpheus",
    "job": "zion resident"
}
HTTP/1.1 200 OK
Date: Fri, 13 Oct 2023 22:05:42 GMT
Content-Type: application/json; charset=utf-8
Transfer-Encoding: chunked
Connection: keep-alive
X-Powered-By: Express
Access-Control-Allow-Origin: *
Etag: W/"50-oP0pIqT1xAr05oadR+ykawTDAn0"
Via: 1.1 vegur
CF-Cache-Status: DYNAMIC
Report-To: {"endpoints":[{"url":"https:\/\/a.nel.cloudflare.com\/report\/v3?s=Iascp6NUIfH0MI7sj92jJyXIVUVDyn5Pde5P%2BnKE0nhAOQNwtRzg9vKf5nuRHaFrGExzxbm7L9NJty9uInSmAGw7JrJPKxPAXVsp872Zu8X6V8KUyATSueVqkw%3D%3D"}],"group":"cf-nel","max_age":604800}
NEL: {"success_fraction":0,"report_to":"cf-nel","max_age":604800}
Vary: Accept-Encoding
Server: cloudflare
CF-RAY: 815ae2b0cda0475b-DFW
Content-Encoding: gzip

{
    "name": "morpheus",
    "job": "zion resident",
    "updatedAt": "2023-10-13T22:05:42.075Z"
}
]]></system-out>
  </testcase>
</testsuite>